<segName> ml
<testName> hpl-gpu-14
<testExec> runHpl
<npes> 16
<JobID> 1323211
<nodes> ml222
<compiler> intel/12.1
<mpi> openmpi-intel/1.5
<params> HPL-Template.dat 55134 1 2 1.00 0.97 dnode
<rmgr> moab-slurm
<user> cwi
<host> ml222.localdomain
<vers> 1.0
<start> 2013-03-26T14:55:04-0600
# a bunch of other output here .....
msg <td> maxEff 20 %
msg <td> maxRate 321 Mb/s
msg <td> color blue
msg <td> maxRate 324 Mb/s
<td> minRate 210 Mb/s
<results> pass
<results> Pass
<results> fail, very bad 
<results> pass 
this test: <results> Fail 

real 1121.29
user 17680.98
sys  113.34
<end> 2013-11-21T15:09:20-0700
